<?xml version="1.0" encoding="utf-8"?><testsuites name="pytest tests"><testsuite name="pytest" errors="0" failures="0" skipped="0" tests="9" time="2.739" timestamp="2026-02-01T00:54:53.802241+00:00" hostname="agent-env-6dbff5bc-7456-4545-9020-0c612378d031"><testcase classname="backend.tests.test_shifts.TestShiftManagement" name="test_01_receptionist_login" time="0.318" /><testcase classname="backend.tests.test_shifts.TestShiftManagement" name="test_02_admin_login" time="0.260" /><testcase classname="backend.tests.test_shifts.TestShiftManagement" name="test_03_get_branches" time="0.281" /><testcase classname="backend.tests.test_shifts.TestShiftManagement" name="test_04_receptionist_check_my_active_shift" time="0.278" /><testcase classname="backend.tests.test_shifts.TestShiftManagement" name="test_05_receptionist_start_shift" time="0.288" /><testcase classname="backend.tests.test_shifts.TestShiftManagement" name="test_06_admin_get_active_shifts" time="0.315" /><testcase classname="backend.tests.test_shifts.TestShiftManagement" name="test_07_admin_confirm_handover" time="0.293" /><testcase classname="backend.tests.test_shifts.TestShiftManagement" name="test_08_receptionist_can_start_new_shift_after_handover" time="0.370" /><testcase classname="backend.tests.test_shifts.TestShiftManagement" name="test_09_get_shift_history" time="0.270" /></testsuite></testsuites>